Started by user ad.min
Obtained Jenkinsfile from git https://github.com/team-jinhong-kim/MK-Runner.git
Running in Durability level: MAX_SURVIVABILITY
[Pipeline] Start of Pipeline
[Pipeline] node
Running on Jenkins in /Users/jinhongkim/.jenkins/workspace/MK-docker
[Pipeline] {
[Pipeline] stage
[Pipeline] { (Clone Repository)
[Pipeline] checkout
Selected Git installation does not exist. Using Default
The recommended git tool is: NONE
using credential f851543f-a115-4e70-97ed-2502b8f42acb
 > git rev-parse --is-inside-work-tree # timeout=10
Fetching changes from the remote Git repository
 > git config remote.origin.url https://github.com/team-jinhong-kim/MK-Runner.git # timeout=10
Fetching upstream changes from https://github.com/team-jinhong-kim/MK-Runner.git
 > git --version # timeout=10
 > git --version # 'git version 2.24.3 (Apple Git-128)'
using GIT_SSH to set credentials
 > git fetch --tags --force --progress -- https://github.com/team-jinhong-kim/MK-Runner.git +refs/heads/*:refs/remotes/origin/* # timeout=10
 > git rev-parse origin/main^{commit} # timeout=10
Checking out Revision 8570fa174aa33faa9ad100bafc0dac664032416d (origin/main)
 > git config core.sparsecheckout # timeout=10
 > git checkout -f 8570fa174aa33faa9ad100bafc0dac664032416d # timeout=10
Commit message: "Modify Jenkinsfile"
 > git rev-list --no-walk 8570fa174aa33faa9ad100bafc0dac664032416d # timeout=10
[Checks API] No suitable checks publisher found.
[Pipeline] }
[Pipeline] // stage
[Pipeline] stage
[Pipeline] { (build)
[Pipeline] isUnix
[Pipeline] sh
+ docker build -t test .
Sending build context to Docker daemon  18.19MB

Step 1/11 : FROM python:3.7
 ---> b0dee8d708b9
Step 2/11 : MAINTAINER Jake Kim
 ---> Using cache
 ---> 970fb2871d37
Step 3/11 : COPY ./requirements.txt /requirements.txt
 ---> Using cache
 ---> f5c11d58b34f
Step 4/11 : RUN pip install --no-cache-dir -r /requirements.txt
 ---> Using cache
 ---> d7c0075d4250
Step 5/11 : EXPOSE 8000
 ---> Using cache
 ---> bd0405bba0cf
Step 6/11 : RUN mkdir /app
 ---> Using cache
 ---> b6347547d491
Step 7/11 : WORKDIR /app
 ---> Using cache
 ---> f205ed8e08d2
Step 8/11 : COPY mkdockerize.sh ./
 ---> Using cache
 ---> dd4a967213a4
Step 9/11 : RUN chmod +x ./mkdockerize.sh
 ---> Using cache
 ---> e8ff8f45ce6e
Step 10/11 : RUN pwd
 ---> Using cache
 ---> 1a037186ab0f
Step 11/11 : ENTRYPOINT ["/app/mkdockerize.sh"]
 ---> Using cache
 ---> aefe32414ef0
Successfully built aefe32414ef0
Successfully tagged test:latest
[Pipeline] sh
+ docker run -v /Users/jinhongkim/projects/MK-Runner/project:/app/project -e MKPATH=/app/project test produce
[Pipeline] }
[Pipeline] // stage
[Pipeline] stage
[Pipeline] { (test)
[Pipeline] sh
+ cat ./project/.tar.gz
+ docker run -t -d -p 8000:8000 -v /Users/jinhongkim/projects/MK-Runner/project:/app/project -e MKPATH=/app/project -i test serve
d47ef40fa538850184d1e4251f61930636f3619895d4b2b1cd8953abe4fec97e
[Pipeline] sh
+ sleep 5
[Pipeline] sh
+ curl localhost:8000
  % Total    % Received % Xferd  Average Speed   Time    Time     Time  Current
                                 Dload  Upload   Total   Spent    Left  Speed

  0     0    0     0    0     0      0      0 --:--:-- --:--:-- --:--:--     0<!DOCTYPE html>
<html lang="en">
    <head>
        <meta charset="utf-8">
        <meta http-equiv="X-UA-Compatible" content="IE=edge">
        <meta name="viewport" content="width=device-width, initial-scale=1.0">
        <meta name="description" content="None">

        <link rel="canonical" href="http://0.0.0.0:8000/">
        <link rel="shortcut icon" href="img/favicon.ico">
        <title>My Docs</title>
        <link href="css/bootstrap.min.css" rel="stylesheet">
        <link href="css/font-awesome.min.css" rel="stylesheet">
        <link href="css/base.css" rel="stylesheet">
        <link rel="stylesheet" href="https://cdnjs.cloudflare.com/ajax/libs/highlight.js/9.12.0/styles/github.min.css">

        <script src="js/jquery-1.10.2.min.js" defer></script>
        <script src="js/bootstrap.min.js" defer></script>
        <script src="https://cdnjs.cloudflare.com/ajax/libs/highlight.js/9.12.0/highlight.min.js"></script>
        <script>hljs.initHighlightingOnLoad();</script>
    <script type="text/javascript">(function(){var s=document.createElement("script");var port=(window.location.port || (window.location.protocol == 'https:' ? 443: 80));s.src="//"+window.location.hostname+":"+port+ "/livereload.js?port=" + port;document.head.appendChild(s);})();</script></head>

    <body class="homepage">
        <div class="navbar fixed-top navbar-expand-lg navbar-dark bg-primary">
            <div class="container">
                <a class="navbar-brand" href=".">My Docs</a>

                <!-- Expanded navigation -->
                <div id="navbar-collapse" class="navbar-collapse collapse">

                    <ul class="nav navbar-nav ml-auto">
                        <li class="nav-item">
                            <a href="#" class="nav-link" data-toggle="modal" data-target="#mkdocs_search_modal">
                                <i class="fa fa-search"></i> Search
                            </a>
                        </li>
                    </ul>
                </div>
            </div>
        </div>

        <div class="container">
            <div class="row">
                    <div class="col-md-3"><div class="navbar-light navbar-expand-md bs-sidebar hidden-print affix" role="complementary">
    <div class="navbar-header">
        <button type="button" class="navbar-toggler collapsed" data-toggle="collapse" data-target="#toc-collapse" title="Table of Contents">
            <span class="fa fa-angle-down"></span>
        </button>
    </div>


    <div id="toc-collapse" class="navbar-collapse collapse card bg-secondary">
        <ul class="nav flex-column">

            <li class="nav-item" data-level="1"><a href="#welcome-to-mkdocs" class="nav-link">Welcome to MkDocs</a>
              <ul class="nav flex-column">
            <li class="nav-item" data-level="2"><a href="#commands" class="nav-link">Commands</a>
              <ul class="nav flex-column">
              </ul>
            </li>
            <li class="nav-item" data-level="2"><a href="#project-layout" class="nav-link">Project layout</a>
              <ul class="nav flex-column">
              </ul>
            </li>
              </ul>
            </li>
        </ul>
    </div>
</div></div>
                    <div class="col-md-9" role="main">

<h1 id="welcome-to-mkdocs">Welcome to MkDocs</h1>
<p>For full documentation visit <a href="https://www.mkdocs.org">mkdocs.org</a>.</p>
<h2 id="commands">Commands</h2>
<ul>
<li><code>mkdocs new [dir-name]</code> - Create a new project.</li>
<li><code>mkdocs serve</code> - Start the live-reloading docs server.</li>
<li><code>mkdocs build</code> - Build the documentation site.</li>
<li><code>mkdocs -h</code> - Print help message and exit.</li>
</ul>
<h2 id="project-layout">Project layout</h2>
<pre><code>mkdocs.yml    # The configuration file.
docs/
    index.md  # The documentation homepage.
    ...       # Other markdown pages, images and other files.
</code></pre></div>
            </div>
        </div>

        <footer class="col-md-12">
            <hr>
            <p>Document
100  7208  100  7208    0     0   125k      0 --:--:-- --:--:-- --:--:--  125k
ation built with <a href="https://www.mkdocs.org/">MkDocs</a>.</p>
        </footer>
        <script>
            var base_url = ".",
                shortcuts = {"help": 191, "next": 78, "previous": 80, "search": 83};
        </script>
        <script src="js/base.js" defer></script>
        <script src="search/main.js" defer></script>

        <div class="modal" id="mkdocs_search_modal" tabindex="-1" role="dialog" aria-labelledby="searchModalLabel" aria-hidden="true">
    <div class="modal-dialog modal-lg">
        <div class="modal-content">
            <div class="modal-header">
                <h4 class="modal-title" id="searchModalLabel">Search</h4>
                <button type="button" class="close" data-dismiss="modal"><span aria-hidden="true">&times;</span><span class="sr-only">Close</span></button>
            </div>
            <div class="modal-body">
                <p>
                    From here you can search these documents. Enter
                    your search terms below.
                </p>
                <form>
                    <div class="form-group">
                        <input type="search" class="form-control" placeholder="Search..." id="mkdocs-search-query" title="Type search term here">
                    </div>
                </form>
                <div id="mkdocs-search-results"></div>
            </div>
            <div class="modal-footer">
            </div>
        </div>
    </div>
</div><div class="modal" id="mkdocs_keyboard_modal" tabindex="-1" role="dialog" aria-labelledby="keyboardModalLabel" aria-hidden="true">
    <div class="modal-dialog">
        <div class="modal-content">
            <div class="modal-header">
                <h4 class="modal-title" id="keyboardModalLabel">Keyboard Shortcuts</h4>
                <button type="button" class="close" data-dismiss="modal"><span aria-hidden="true">&times;</span><span class="sr-only">Close</span></button>
            </div>
            <div class="modal-body">
              <table class="table">
                <thead>
                  <tr>
                    <th style="width: 20%;">Keys</th>
                    <th>Action</th>
                  </tr>
                </thead>
                <tbody>
                  <tr>
                    <td class="help shortcut"><kbd>?</kbd></td>
                    <td>Open this help</td>
                  </tr>
                  <tr>
                    <td class="next shortcut"><kbd>n</kbd></td>
                    <td>Next page</td>
                  </tr>
                  <tr>
                    <td class="prev shortcut"><kbd>p</kbd></td>
                    <td>Previous page</td>
                  </tr>
                  <tr>
                    <td class="search shortcut"><kbd>s</kbd></td>
                    <td>Search</td>
                  </tr>
                </tbody>
              </table>
            </div>
            <div class="modal-footer">
            </div>
        </div>
    </div>
</div>

    </body>
</html>

<!--
MkDocs version : 1.1.2
Build Date UTC : 2020-11-01 15:50:10.074491+00:00
-->
[Pipeline] sh
++ docker ps -aq
+ docker stop d47ef40fa538
[Pipeline] }
[Pipeline] // stage
[Pipeline] }
[Pipeline] // node
[Pipeline] End of Pipeline
[Checks API] No suitable checks publisher found.
Finished: SUCCESS
